2023-12-07 18:26:47: error: MongoDB connection error: TypeError: Cannot read properties of undefined (reading 'DATABASE_URI')
2023-12-07 18:26:59: error: MongoDB connection error: TypeError: Cannot read properties of undefined (reading 'DATABASE_URI')
2023-12-07 18:27:16: error: MongoDB connection error: ReferenceError: app is not defined
2023-12-07 18:28:37: error: MongoDB connection error: ReferenceError: app is not defined
2023-12-07 18:29:11: error: MongoDB connection error: ReferenceError: app is not defined
2023-12-07 18:29:55: error: listen EACCES: permission denied 0.0.0.0:666
2023-12-07 18:31:12: error: listen EACCES: permission denied 0.0.0.0:666
2023-12-07 18:31:30: error: listen EACCES: permission denied 0.0.0.0:666
2023-12-07 18:32:57: error: listen EACCES: permission denied 0.0.0.0:666
2023-12-07 18:33:32: error: listen EACCES: permission denied 0.0.0.0:666
2023-12-08 03:45:43: error: MongoDB connection error: Error: querySrv ESERVFAIL _mongodb._tcp.cluster0.hijl2aq.mongodb.net
2023-12-08 03:45:43: error: MongoDB connection error: Error: querySrv ESERVFAIL _mongodb._tcp.cluster0.hijl2aq.mongodb.net
2023-12-08 03:48:14: error: MongoDB connection error: Error: querySrv ESERVFAIL _mongodb._tcp.cluster0.hijl2aq.mongodb.net
2023-12-08 03:48:14: error: MongoDB connection error: Error: querySrv ESERVFAIL _mongodb._tcp.cluster0.hijl2aq.mongodb.net
2023-12-08 16:50:51: error: MongoDB connection error: TypeError: initialData is not a function
2023-12-08 16:52:29: error: permissions validation failed: enabled: Path `enabled` is required.
2023-12-08 16:53:51: error: roles validation failed: description: Path `description` is required.
2023-12-08 16:54:19: error: E11000 duplicate key error collection: test.roles index: description_1 dup key: { description: "" }
2023-12-08 16:54:42: error: this.isModified is not a function
2023-12-08 17:19:57: error: Cannot access 'permissionsAdministrator' before initialization
2023-12-08 18:26:42: error: MongoDB connection error: TypeError: initialData is not a function
2023-12-08 23:45:18: error: listen EADDRINUSE: address already in use 127.0.0.1:3000
2023-12-08 23:46:23: error: listen EADDRINUSE: address already in use 127.0.0.1:3000
2023-12-08 23:47:37: error: listen EADDRINUSE: address already in use 127.0.0.1:3000
2023-12-09 00:48:15: error: MongoDB connection error: Error: EIO: i/o error, write
2023-12-09 00:48:15: error: MongoDB connection error: Error: EIO: i/o error, write
2023-12-09 20:40:48: error: MongoDB connection error: Error: querySrv ETIMEOUT _mongodb._tcp.cluster0.hijl2aq.mongodb.net
2023-12-09 20:40:48: error: MongoDB connection error: Error: querySrv ETIMEOUT _mongodb._tcp.cluster0.hijl2aq.mongodb.net
2023-12-12 19:45:05: error: MongoDB connection error: Error: querySrv ESERVFAIL _mongodb._tcp.cluster0.hijl2aq.mongodb.net
2023-12-12 19:45:05: error: MongoDB connection error: Error: querySrv ESERVFAIL _mongodb._tcp.cluster0.hijl2aq.mongodb.net
2023-12-13 21:39:00: error: MongoDB connection error: Error: queryTxt ETIMEOUT cluster0.hijl2aq.mongodb.net
2023-12-13 21:39:00: error: MongoDB connection error: Error: queryTxt ETIMEOUT cluster0.hijl2aq.mongodb.net
2023-12-13 21:48:36: error: MongoDB connection error: Error: querySrv ETIMEOUT _mongodb._tcp.cluster0.hijl2aq.mongodb.net
2023-12-13 21:48:36: error: MongoDB connection error: Error: querySrv ETIMEOUT _mongodb._tcp.cluster0.hijl2aq.mongodb.net
2023-12-16 20:24:41: error: MongoDB connection error: Error: queryTxt ESERVFAIL cluster0.hijl2aq.mongodb.net
2023-12-16 20:24:41: error: MongoDB connection error: Error: queryTxt ESERVFAIL cluster0.hijl2aq.mongodb.net
2023-12-16 20:28:37: error: MongoDB connection error: Error: querySrv ESERVFAIL _mongodb._tcp.cluster0.hijl2aq.mongodb.net
2023-12-16 20:28:37: error: MongoDB connection error: Error: querySrv ESERVFAIL _mongodb._tcp.cluster0.hijl2aq.mongodb.net
2023-12-16 20:31:52: error: MongoDB connection error: Error: querySrv ESERVFAIL _mongodb._tcp.cluster0.hijl2aq.mongodb.net
2023-12-16 20:31:52: error: MongoDB connection error: Error: querySrv ESERVFAIL _mongodb._tcp.cluster0.hijl2aq.mongodb.net
2023-12-16 21:07:17: error: getaddrinfo EAI_AGAIN ac-m3f3ncv-shard-00-01.hijl2aq.mongodb.net
